Using pre-set license
Built from '2020.3/staging' branch; Version is '2020.3.25f1 (9b9180224418) revision 10195328'; Using compiler version '192528614'; Build Type 'Release'
OS: 'Windows 10  (10.0.19044) 64bit ProfessionalN' Language: 'en' Physical Memory: 8136 MB
BatchMode: 1, IsHumanControllingUs: 0, StartBugReporterOnCrash: 0, Is64bit: 1, IsPro: 0

COMMAND LINE ARGUMENTS:
E:\unity_editor_xD\2020.3.25f1\Editor\Unity.exe
-adb2
-batchMode
-noUpm
-name
AssetImportWorker0
-projectPath
C:/Users/samsi/Desktop/neviem/My project
-logFile
Logs/AssetImportWorker0.log
-srvPort
63444
Successfully changed project path to: C:/Users/samsi/Desktop/neviem/My project
C:/Users/samsi/Desktop/neviem/My project
Using Asset Import Pipeline V2.
Refreshing native plugins compatible for Editor in 73.43 ms, found 6 plugins.
Preloading 0 native plugins for Editor in 0.00 ms.
Initialize engine version: 2020.3.25f1 (9b9180224418)
[Subsystems] Discovering subsystems at path E:/unity_editor_xD/2020.3.25f1/Editor/Data/Resources/UnitySubsystems
[Subsystems] Discovering subsystems at path C:/Users/samsi/Desktop/neviem/My project/Assets
GfxDevice: creating device client; threaded=0
Direct3D:
    Version:  Direct3D 11.0 [level 11.0]
    Renderer: NVIDIA GeForce GTX 650 Ti (ID=0x11c6)
    Vendor:   
    VRAM:     984 MB
    Driver:   27.21.14.5671
Initialize mono
Mono path[0] = 'E:/unity_editor_xD/2020.3.25f1/Editor/Data/Managed'
Mono path[1] = 'E:/unity_editor_xD/2020.3.25f1/Editor/Data/MonoBleedingEdge/lib/mono/unityjit'
Mono config path = 'E:/unity_editor_xD/2020.3.25f1/Editor/Data/MonoBleedingEdge/etc'
Using monoOptions --debugger-agent=transport=dt_socket,embedding=1,server=y,suspend=n,address=127.0.0.1:56784
Begin MonoManager ReloadAssembly
Registering precompiled unity dll's ...
Register platform support module: E:/unity_editor_xD/2020.3.25f1/Editor/Data/PlaybackEngines/WindowsStandaloneSupport/UnityEditor.WindowsStandalone.Extensions.dll
Registered in 0.001555 seconds.
Native extension for WindowsStandalone target not found
Refreshing native plugins compatible for Editor in 64.47 ms, found 6 plugins.
Preloading 0 native plugins for Editor in 0.00 ms.
Mono: successfully reloaded assembly
- Completed reload, in  0.801 seconds
Domain Reload Profiling:
	ReloadAssembly (802ms)
		BeginReloadAssembly (76ms)
			ExecutionOrderSort (0ms)
			DisableScriptedObjects (0ms)
			BackupInstance (0ms)
			ReleaseScriptingObjects (0ms)
			CreateAndSetChildDomain (1ms)
		EndReloadAssembly (630ms)
			LoadAssemblies (75ms)
			RebuildTransferFunctionScriptingTraits (0ms)
			SetupTypeCache (205ms)
			ReleaseScriptCaches (0ms)
			RebuildScriptCaches (46ms)
			SetupLoadedEditorAssemblies (245ms)
				LogAssemblyErrors (0ms)
				InitializePlatformSupportModulesInManaged (6ms)
				SetLoadedEditorAssemblies (0ms)
				RefreshPlugins (65ms)
				BeforeProcessingInitializeOnLoad (12ms)
				ProcessInitializeOnLoadAttributes (123ms)
				ProcessInitializeOnLoadMethodAttributes (39ms)
				AfterProcessingInitializeOnLoad (0ms)
				EditorAssembliesLoaded (0ms)
			ExecutionOrderSort2 (0ms)
			AwakeInstancesAfterBackupRestoration (0ms)
Platform modules already initialized, skipping
Registering precompiled user dll's ...
Registered in 0.020172 seconds.
Begin MonoManager ReloadAssembly
OnLevelWasLoaded was found on AudioManager
This message has been deprecated and will be removed in a later version of Unity.
Add a delegate to SceneManager.sceneLoaded instead to get notifications after scene loading has completed
Native extension for WindowsStandalone target not found
Refreshing native plugins compatible for Editor in 0.88 ms, found 6 plugins.
Preloading 0 native plugins for Editor in 0.00 ms.
Mono: successfully reloaded assembly
- Completed reload, in  2.438 seconds
Domain Reload Profiling:
	ReloadAssembly (2439ms)
		BeginReloadAssembly (192ms)
			ExecutionOrderSort (0ms)
			DisableScriptedObjects (7ms)
			BackupInstance (0ms)
			ReleaseScriptingObjects (0ms)
			CreateAndSetChildDomain (22ms)
		EndReloadAssembly (2169ms)
			LoadAssemblies (129ms)
			RebuildTransferFunctionScriptingTraits (0ms)
			SetupTypeCache (409ms)
			ReleaseScriptCaches (1ms)
			RebuildScriptCaches (72ms)
			SetupLoadedEditorAssemblies (1430ms)
				LogAssemblyErrors (0ms)
				InitializePlatformSupportModulesInManaged (6ms)
				SetLoadedEditorAssemblies (1ms)
				RefreshPlugins (1ms)
				BeforeProcessingInitializeOnLoad (83ms)
				ProcessInitializeOnLoadAttributes (1325ms)
				ProcessInitializeOnLoadMethodAttributes (12ms)
				AfterProcessingInitializeOnLoad (3ms)
				EditorAssembliesLoaded (0ms)
			ExecutionOrderSort2 (0ms)
			AwakeInstancesAfterBackupRestoration (7ms)
Platform modules already initialized, skipping
========================================================================
Worker process is ready to serve import requests
Launched and connected shader compiler UnityShaderCompiler.exe after 0.11 seconds
Refreshing native plugins compatible for Editor in 0.93 ms, found 6 plugins.
Preloading 0 native plugins for Editor in 0.00 ms.
Unloading 2135 Unused Serialized files (Serialized files now loaded: 0)
System memory in use before: 111.7 MB.
System memory in use after: 111.8 MB.

Unloading 60 unused Assets to reduce memory usage. Loaded Objects now: 2558.
Total: 4.099200 ms (FindLiveObjects: 0.187000 ms CreateObjectMapping: 0.101200 ms MarkObjects: 3.620900 ms  DeleteObjects: 0.180200 ms)

AssetImportParameters requested are different than current active one (requested -> active):
  custom:framework-win-MediaFoundation: 216162199b28c13a410421893ffa2e32 -> 
  custom:video-decoder-ogg-theora: a1e56fd34408186e4bbccfd4996cb3dc -> 
  custom:container-muxer-webm: aa71ff27fc2769a1b78a27578f13a17b -> 
  custom:container-demuxer-webm: 4f35f7cbe854078d1ac9338744f61a02 -> 
  custom:container-demuxer-ogg: 62fdf1f143b41e24485cea50d1cbac27 -> 
  custom:video-encoder-webm-vp8: eb34c28f22e8b96e1ab97ce403110664 -> 
  custom:video-decoder-webm-vp8: 9c59270c3fd7afecdb556c50c9e8de78 -> 
  custom:audio-decoder-ogg-vorbis: bf7c407c2cedff20999df2af8eb42d56 -> 
  custom:audio-encoder-webm-vorbis: bf7c407c2cedff20999df2af8eb42d56 -> 
========================================================================
Received Import Request.
  path: Assets/Pozadie.png
  artifactKey: Guid(d11f9f49f86ecdd47a2e2072a00f3be1) Importer(815301076,1909f56bfc062723c751e8b465ee728b)
Start importing Assets/Pozadie.png using Guid(d11f9f49f86ecdd47a2e2072a00f3be1) Importer(815301076,1909f56bfc062723c751e8b465ee728b)  -> (artifact id: '78e71e4e29c1cc09d60bbdadb74b5b4c') in 0.219043 seconds 
  Import took 0.223158 seconds .

========================================================================
Received Import Request.
  Time since last request: 0.000899 seconds.
  path: Assets/Rectangle 2-1.png
  artifactKey: Guid(56f4898210d9d89498e43259daf3df1c) Importer(815301076,1909f56bfc062723c751e8b465ee728b)
Start importing Assets/Rectangle 2-1.png using Guid(56f4898210d9d89498e43259daf3df1c) Importer(815301076,1909f56bfc062723c751e8b465ee728b)  -> (artifact id: '743459fb4a6bf3ac63913b6c16c8d121') in 0.051228 seconds 
  Import took 0.056408 seconds .

========================================================================
Received Import Request.
  Time since last request: 0.000264 seconds.
  path: Assets/autofinal.fbx
  artifactKey: Guid(3f7405da18a5547b18312ea31eec52b9) Importer(815301076,1909f56bfc062723c751e8b465ee728b)
Start importing Assets/autofinal.fbx using Guid(3f7405da18a5547b18312ea31eec52b9) Importer(815301076,1909f56bfc062723c751e8b465ee728b)  -> (artifact id: '8bf44e39d4d285d9bfb9338923d92f86') in 0.360652 seconds 
  Import took 0.365305 seconds .

========================================================================
Received Import Request.
  Time since last request: 0.000308 seconds.
  path: Assets/scena.fbx
  artifactKey: Guid(95eb3d8b3d0f0d14fbac5b1741103324) Importer(815301076,1909f56bfc062723c751e8b465ee728b)
Start importing Assets/scena.fbx using Guid(95eb3d8b3d0f0d14fbac5b1741103324) Importer(815301076,1909f56bfc062723c751e8b465ee728b)  -> (artifact id: 'adf585c404eb6ffdac23cc5e377a79fc') in 0.238607 seconds 
  Import took 0.250976 seconds .

========================================================================
Received Import Request.
  Time since last request: 0.000302 seconds.
  path: Assets/Auto.dae
  artifactKey: Guid(243d804695a8b4460b0e4b22869f123c) Importer(815301076,1909f56bfc062723c751e8b465ee728b)
Start importing Assets/Auto.dae using Guid(243d804695a8b4460b0e4b22869f123c) Importer(815301076,1909f56bfc062723c751e8b465ee728b)  -> (artifact id: 'ec9d0134c8eae82c17d2987d28758fee') in 0.151861 seconds 
  Import took 0.156277 seconds .

========================================================================
Received Import Request.
  Time since last request: 0.000211 seconds.
  path: Assets/main_house.fbx
  artifactKey: Guid(7acf901bd883848388d60239781ea5f8) Importer(815301076,1909f56bfc062723c751e8b465ee728b)
Start importing Assets/main_house.fbx using Guid(7acf901bd883848388d60239781ea5f8) Importer(815301076,1909f56bfc062723c751e8b465ee728b)  -> (artifact id: '01576a67747225ba5b099f8ff58230a2') in 0.222242 seconds 
  Import took 0.236857 seconds .

========================================================================
Received Import Request.
  Time since last request: 0.000287 seconds.
  path: Assets/Player.prefab
  artifactKey: Guid(e821abd93a428e94c92fe64d2d6436d4) Importer(815301076,1909f56bfc062723c751e8b465ee728b)
Start importing Assets/Player.prefab using Guid(e821abd93a428e94c92fe64d2d6436d4) Importer(815301076,1909f56bfc062723c751e8b465ee728b)  -> (artifact id: 'aeb441260855057fe1aabdb8e6f83fb2') in 0.073935 seconds 
  Import took 0.078735 seconds .

========================================================================
Received Import Request.
  Time since last request: 0.000291 seconds.
  path: Assets/zelena_farba_test.mat
  artifactKey: Guid(fed2e03541d33ba44af42bfb20231db1) Importer(815301076,1909f56bfc062723c751e8b465ee728b)
Start importing Assets/zelena_farba_test.mat using Guid(fed2e03541d33ba44af42bfb20231db1) Importer(815301076,1909f56bfc062723c751e8b465ee728b)  -> (artifact id: '3ebff9bc34870c69ab75ec1f7cf5a03c') in 0.036961 seconds 
  Import took 0.041715 seconds .

========================================================================
Received Import Request.
  Time since last request: 0.000237 seconds.
  path: Assets/shape.png
  artifactKey: Guid(8fc6544120a44c340abfd23ae3225541) Importer(815301076,1909f56bfc062723c751e8b465ee728b)
Start importing Assets/shape.png using Guid(8fc6544120a44c340abfd23ae3225541) Importer(815301076,1909f56bfc062723c751e8b465ee728b)  -> (artifact id: '90c4aa46b4307ce522caee8d4039cd6e') in 0.013394 seconds 
  Import took 0.018105 seconds .

========================================================================
Received Import Request.
  Time since last request: 0.000242 seconds.
  path: Assets/Skuter.dae
  artifactKey: Guid(f11186828f2ca498dac44e2e013f035e) Importer(815301076,1909f56bfc062723c751e8b465ee728b)
Start importing Assets/Skuter.dae using Guid(f11186828f2ca498dac44e2e013f035e) Importer(815301076,1909f56bfc062723c751e8b465ee728b)  -> (artifact id: 'b3f07b17589b845dba24536756180ac3') in 0.165191 seconds 
  Import took 0.169583 seconds .

========================================================================
Received Import Request.
  Time since last request: 0.000265 seconds.
  path: Assets/Robot.dae
  artifactKey: Guid(c33335c25ebc44f8182e81e9cdddc807) Importer(815301076,1909f56bfc062723c751e8b465ee728b)
Start importing Assets/Robot.dae using Guid(c33335c25ebc44f8182e81e9cdddc807) Importer(815301076,1909f56bfc062723c751e8b465ee728b)  -> (artifact id: '0342bfb3dba3e38abedf69bd8a31a195') in 0.291544 seconds 
  Import took 0.295993 seconds .

========================================================================
Received Import Request.
  Time since last request: 0.000272 seconds.
  path: Assets/MinimapRenderTexture.renderTexture
  artifactKey: Guid(36b9d670807035a47afc56ab95d20348) Importer(815301076,1909f56bfc062723c751e8b465ee728b)
Start importing Assets/MinimapRenderTexture.renderTexture using Guid(36b9d670807035a47afc56ab95d20348) Importer(815301076,1909f56bfc062723c751e8b465ee728b)  -> (artifact id: '394bc05ca5f6023eed7c51e7c2315202') in 0.036579 seconds 
  Import took 0.041928 seconds .

========================================================================
Received Import Request.
  Time since last request: 0.000447 seconds.
  path: Assets/Predloha.png
  artifactKey: Guid(0d608acba5c346c4da95c7fa852a010f) Importer(815301076,1909f56bfc062723c751e8b465ee728b)
Start importing Assets/Predloha.png using Guid(0d608acba5c346c4da95c7fa852a010f) Importer(815301076,1909f56bfc062723c751e8b465ee728b)  -> (artifact id: '8d226a60fa99a85db361b875097bdf0a') in 0.038007 seconds 
  Import took 0.042557 seconds .

========================================================================
Received Import Request.
  Time since last request: 0.000245 seconds.
  path: Assets/Untitled-2.png
  artifactKey: Guid(55bf0b1898f8f814495ce82ed5154535) Importer(815301076,1909f56bfc062723c751e8b465ee728b)
Start importing Assets/Untitled-2.png using Guid(55bf0b1898f8f814495ce82ed5154535) Importer(815301076,1909f56bfc062723c751e8b465ee728b)  -> (artifact id: '8dbfc2935acceb97510053afee5b7ebf') in 0.018386 seconds 
  Import took 0.022565 seconds .

========================================================================
Received Import Request.
  Time since last request: 0.000279 seconds.
  path: Assets/robot.fbx
  artifactKey: Guid(f2ae242a60621442ca06d3c3491955c9) Importer(815301076,1909f56bfc062723c751e8b465ee728b)
Start importing Assets/robot.fbx using Guid(f2ae242a60621442ca06d3c3491955c9) Importer(815301076,1909f56bfc062723c751e8b465ee728b)  -> (artifact id: 'bf4ad861d7a8bb345048c0a2187b19cf') in 0.444513 seconds 
  Import took 0.449697 seconds .

========================================================================
Received Import Request.
  Time since last request: 0.000325 seconds.
  path: Assets/dom.dae
  artifactKey: Guid(88edfd4054db74c9fbf1ee9ac4790d02) Importer(815301076,1909f56bfc062723c751e8b465ee728b)
Start importing Assets/dom.dae using Guid(88edfd4054db74c9fbf1ee9ac4790d02) Importer(815301076,1909f56bfc062723c751e8b465ee728b)  -> (artifact id: '0ec2dd6770211b3f5c7904085a763298') in 0.103145 seconds 
  Import took 0.108181 seconds .

========================================================================
Received Import Request.
  Time since last request: 0.000266 seconds.
  path: Assets/Rectangle 7.png
  artifactKey: Guid(393fc88a61142c2409ea09f493631488) Importer(815301076,1909f56bfc062723c751e8b465ee728b)
Start importing Assets/Rectangle 7.png using Guid(393fc88a61142c2409ea09f493631488) Importer(815301076,1909f56bfc062723c751e8b465ee728b)  -> (artifact id: '27f699f3fc575493c5b87697c886370f') in 0.035296 seconds 
  Import took 0.041124 seconds .

========================================================================
Received Import Request.
  Time since last request: 0.000295 seconds.
  path: Assets/tone.png
  artifactKey: Guid(f6490e2bee358a643a5dda72898e4733) Importer(815301076,1909f56bfc062723c751e8b465ee728b)
Start importing Assets/tone.png using Guid(f6490e2bee358a643a5dda72898e4733) Importer(815301076,1909f56bfc062723c751e8b465ee728b)  -> (artifact id: '379d7c560d7fd4623e52803483b76726') in 0.017815 seconds 
  Import took 0.022491 seconds .

========================================================================
Received Import Request.
  Time since last request: 0.000233 seconds.
  path: Assets/circle.fbx
  artifactKey: Guid(11fffad73e482456db69c5fea4a4d008) Importer(815301076,1909f56bfc062723c751e8b465ee728b)
Start importing Assets/circle.fbx using Guid(11fffad73e482456db69c5fea4a4d008) Importer(815301076,1909f56bfc062723c751e8b465ee728b)  -> (artifact id: 'a7bf3e53c396bcceddbe021068052b3b') in 0.058412 seconds 
  Import took 0.062868 seconds .

========================================================================
Received Import Request.
  Time since last request: 0.000326 seconds.
  path: Assets/house_final.fbx
  artifactKey: Guid(9c98f6fb79433419d81bf4f812a9fb4a) Importer(815301076,1909f56bfc062723c751e8b465ee728b)
Start importing Assets/house_final.fbx using Guid(9c98f6fb79433419d81bf4f812a9fb4a) Importer(815301076,1909f56bfc062723c751e8b465ee728b)  -> (artifact id: 'd813226ad71e6be09ab255f0d5d4d325') in 0.127832 seconds 
  Import took 0.132155 seconds .

========================================================================
Received Import Request.
  Time since last request: 0.000285 seconds.
  path: Assets/shape-1.png
  artifactKey: Guid(f19c23ae9ea2f0f40833eb928acf5692) Importer(815301076,1909f56bfc062723c751e8b465ee728b)
Start importing Assets/shape-1.png using Guid(f19c23ae9ea2f0f40833eb928acf5692) Importer(815301076,1909f56bfc062723c751e8b465ee728b)  -> (artifact id: '425ce2e969b684b3156d712bdb886eda') in 0.032328 seconds 
  Import took 0.037046 seconds .

========================================================================
Received Import Request.
  Time since last request: 0.000175 seconds.
  path: Assets/Enemy.prefab
  artifactKey: Guid(c9f69ba0c7b25544f902d5d4501c5ed8) Importer(815301076,1909f56bfc062723c751e8b465ee728b)
Start importing Assets/Enemy.prefab using Guid(c9f69ba0c7b25544f902d5d4501c5ed8) Importer(815301076,1909f56bfc062723c751e8b465ee728b)  -> (artifact id: 'fb340f31b57ef7d9abddb57aa9a60917') in 0.011511 seconds 
  Import took 0.016038 seconds .

========================================================================
Received Import Request.
  Time since last request: 0.000279 seconds.
  path: Assets/Rectangle 12.png
  artifactKey: Guid(3e48f68aa89139d4bbdac7f5c47fb2fa) Importer(815301076,1909f56bfc062723c751e8b465ee728b)
Start importing Assets/Rectangle 12.png using Guid(3e48f68aa89139d4bbdac7f5c47fb2fa) Importer(815301076,1909f56bfc062723c751e8b465ee728b)  -> (artifact id: '49c65295e54d9fb761d2ec555f876f61') in 0.026680 seconds 
  Import took 0.031318 seconds .

========================================================================
Received Import Request.
  Time since last request: 0.000243 seconds.
  path: Assets/cesta.fbx
  artifactKey: Guid(58da3fcd135b4417597c34722d57fc22) Importer(815301076,1909f56bfc062723c751e8b465ee728b)
Start importing Assets/cesta.fbx using Guid(58da3fcd135b4417597c34722d57fc22) Importer(815301076,1909f56bfc062723c751e8b465ee728b)  -> (artifact id: '0f2f847f715526fdfc449a5650a6c6b8') in 0.097867 seconds 
  Import took 0.102823 seconds .

========================================================================
Received Import Request.
  Time since last request: 0.000275 seconds.
  path: Assets/Rectangle 9.png
  artifactKey: Guid(2cda70474a6169b4ba025e4cac6a1ba9) Importer(815301076,1909f56bfc062723c751e8b465ee728b)
Start importing Assets/Rectangle 9.png using Guid(2cda70474a6169b4ba025e4cac6a1ba9) Importer(815301076,1909f56bfc062723c751e8b465ee728b)  -> (artifact id: '0d79d50fa9159654de37ad8048744f6a') in 0.040161 seconds 
  Import took 0.044918 seconds .

========================================================================
Received Import Request.
  Time since last request: 0.000246 seconds.
  path: Assets/Main Camera.prefab
  artifactKey: Guid(b11009136fe33fb42a97674b345d11d4) Importer(815301076,1909f56bfc062723c751e8b465ee728b)
Start importing Assets/Main Camera.prefab using Guid(b11009136fe33fb42a97674b345d11d4) Importer(815301076,1909f56bfc062723c751e8b465ee728b)  -> (artifact id: '6af49dfa74df53b38d024bacb30aa4ae') in 0.011733 seconds 
  Import took 0.015871 seconds .

========================================================================
Received Import Request.
  Time since last request: 0.000284 seconds.
  path: Assets/shape-2.png
  artifactKey: Guid(1bab8ebe0306e2143951a72bb6f9c40d) Importer(815301076,1909f56bfc062723c751e8b465ee728b)
Start importing Assets/shape-2.png using Guid(1bab8ebe0306e2143951a72bb6f9c40d) Importer(815301076,1909f56bfc062723c751e8b465ee728b)  -> (artifact id: '151da76c0b9652b28ebbe141672e853b') in 0.027882 seconds 
  Import took 0.032914 seconds .

========================================================================
Received Import Request.
  Time since last request: 0.000214 seconds.
  path: Assets/Rectangle 14.png
  artifactKey: Guid(16741bc82ef642444b7ca9c8033e4b68) Importer(815301076,1909f56bfc062723c751e8b465ee728b)
Start importing Assets/Rectangle 14.png using Guid(16741bc82ef642444b7ca9c8033e4b68) Importer(815301076,1909f56bfc062723c751e8b465ee728b)  -> (artifact id: 'a5148516b7969509e4fdaedd5358898c') in 0.047897 seconds 
  Import took 0.052536 seconds .

========================================================================
Received Import Request.
  Time since last request: 0.000214 seconds.
  path: Assets/output-onlinepngtools 1.png
  artifactKey: Guid(37cc97734d219bd448357695248881c3) Importer(815301076,1909f56bfc062723c751e8b465ee728b)
Start importing Assets/output-onlinepngtools 1.png using Guid(37cc97734d219bd448357695248881c3) Importer(815301076,1909f56bfc062723c751e8b465ee728b)  -> (artifact id: 'cc75146bd4e1a6af882edec01205ef79') in 0.027195 seconds 
  Import took 0.031645 seconds .

========================================================================
Received Import Request.
  Time since last request: 0.000221 seconds.
  path: Assets/RobotMale.fbx
  artifactKey: Guid(a370ca412e5b44b4fb1f87da3fc8d98f) Importer(815301076,1909f56bfc062723c751e8b465ee728b)
Start importing Assets/RobotMale.fbx using Guid(a370ca412e5b44b4fb1f87da3fc8d98f) Importer(815301076,1909f56bfc062723c751e8b465ee728b)  -> (artifact id: '802ad9a8853193aa83cb892362d82e2f') in 0.149264 seconds 
  Import took 0.153784 seconds .

========================================================================
Received Import Request.
  Time since last request: 0.000259 seconds.
  path: Assets/trava.fbx
  artifactKey: Guid(78f398d63980f45468c3dcec8dcbc615) Importer(815301076,1909f56bfc062723c751e8b465ee728b)
Start importing Assets/trava.fbx using Guid(78f398d63980f45468c3dcec8dcbc615) Importer(815301076,1909f56bfc062723c751e8b465ee728b)  -> (artifact id: '8f4d8c08a620eabebef1835b5a09ef1a') in 0.069572 seconds 
  Import took 0.074065 seconds .

========================================================================
Received Import Request.
  Time since last request: 1.945881 seconds.
  path: Assets/Prefabs/dron.prefab
  artifactKey: Guid(cb1d530928e827f48ab9b0c438c8b17f) Importer(815301076,1909f56bfc062723c751e8b465ee728b)
Start importing Assets/Prefabs/dron.prefab using Guid(cb1d530928e827f48ab9b0c438c8b17f) Importer(815301076,1909f56bfc062723c751e8b465ee728b)  -> (artifact id: '7660508ea9399c7fa8741e66e24097ea') in 0.017767 seconds 
  Import took 0.022714 seconds .

========================================================================
Received Import Request.
  Time since last request: 0.000308 seconds.
  path: Assets/Prefabs/explosion.prefab
  artifactKey: Guid(d29c19710876f904584da84fcf7891a0) Importer(815301076,1909f56bfc062723c751e8b465ee728b)
Start importing Assets/Prefabs/explosion.prefab using Guid(d29c19710876f904584da84fcf7891a0) Importer(815301076,1909f56bfc062723c751e8b465ee728b)  -> (artifact id: '18500fd0b68f1064266c645381f33137') in 0.030750 seconds 
  Import took 0.036017 seconds .

========================================================================
Received Import Request.
  Time since last request: 0.000335 seconds.
  path: Assets/Prefabs/enemydron.prefab
  artifactKey: Guid(a4ab918cc42699c4baccce2d7f5a7bd6) Importer(815301076,1909f56bfc062723c751e8b465ee728b)
Start importing Assets/Prefabs/enemydron.prefab using Guid(a4ab918cc42699c4baccce2d7f5a7bd6) Importer(815301076,1909f56bfc062723c751e8b465ee728b)  -> (artifact id: '8df4968d1b677176c31f5d5ca1567875') in 0.025100 seconds 
  Import took 0.029928 seconds .

========================================================================
Received Import Request.
  Time since last request: 0.000294 seconds.
  path: Assets/Prefabs/dym.prefab
  artifactKey: Guid(67807e2ccc6eadf4b87240b73d153a45) Importer(815301076,1909f56bfc062723c751e8b465ee728b)
Start importing Assets/Prefabs/dym.prefab using Guid(67807e2ccc6eadf4b87240b73d153a45) Importer(815301076,1909f56bfc062723c751e8b465ee728b)  -> (artifact id: '6a7e979a2096dc0801698c606b4f14d1') in 0.034138 seconds 
  Import took 0.038111 seconds .

========================================================================
Received Import Request.
  Time since last request: 0.000290 seconds.
  path: Assets/Prefabs/enemy.prefab
  artifactKey: Guid(f1d0c6c2f70028447a844557862f501f) Importer(815301076,1909f56bfc062723c751e8b465ee728b)
Start importing Assets/Prefabs/enemy.prefab using Guid(f1d0c6c2f70028447a844557862f501f) Importer(815301076,1909f56bfc062723c751e8b465ee728b)  -> (artifact id: '09716f3537d79f93c174b9d24c177ac2') in 0.090999 seconds 
  Import took 0.096220 seconds .

========================================================================
Received Import Request.
  Time since last request: 0.000241 seconds.
  path: Assets/Prefabs/robot.prefab
  artifactKey: Guid(1fd927c8708415940a457f912cdbaf9c) Importer(815301076,1909f56bfc062723c751e8b465ee728b)
Start importing Assets/Prefabs/robot.prefab using Guid(1fd927c8708415940a457f912cdbaf9c) Importer(815301076,1909f56bfc062723c751e8b465ee728b)  -> (artifact id: '1ac03bcc0206fce8fd46e390acdd68e4') in 0.099497 seconds 
  Import took 0.106180 seconds .

========================================================================
Received Import Request.
  Time since last request: 11.875680 seconds.
  path: Assets/Prefabs/enemydron.prefab
  artifactKey: Guid(a4ab918cc42699c4baccce2d7f5a7bd6) Importer(815301076,1909f56bfc062723c751e8b465ee728b)
Start importing Assets/Prefabs/enemydron.prefab using Guid(a4ab918cc42699c4baccce2d7f5a7bd6) Importer(815301076,1909f56bfc062723c751e8b465ee728b)  -> (artifact id: 'bde04b4f3ce817292812cc37ced0b118') in 0.127297 seconds 
  Import took 0.134358 seconds .

========================================================================
Received Prepare
Registering precompiled user dll's ...
Registered in 0.020182 seconds.
Begin MonoManager ReloadAssembly
Native extension for WindowsStandalone target not found
Refreshing native plugins compatible for Editor in 1.00 ms, found 6 plugins.
Preloading 0 native plugins for Editor in 0.00 ms.
Mono: successfully reloaded assembly
- Completed reload, in  1.575 seconds
Domain Reload Profiling:
	ReloadAssembly (1575ms)
		BeginReloadAssembly (142ms)
			ExecutionOrderSort (0ms)
			DisableScriptedObjects (6ms)
			BackupInstance (0ms)
			ReleaseScriptingObjects (0ms)
			CreateAndSetChildDomain (49ms)
		EndReloadAssembly (1356ms)
			LoadAssemblies (128ms)
			RebuildTransferFunctionScriptingTraits (0ms)
			SetupTypeCache (424ms)
			ReleaseScriptCaches (1ms)
			RebuildScriptCaches (61ms)
			SetupLoadedEditorAssemblies (595ms)
				LogAssemblyErrors (0ms)
				InitializePlatformSupportModulesInManaged (6ms)
				SetLoadedEditorAssemblies (1ms)
				RefreshPlugins (1ms)
				BeforeProcessingInitializeOnLoad (71ms)
				ProcessInitializeOnLoadAttributes (502ms)
				ProcessInitializeOnLoadMethodAttributes (11ms)
				AfterProcessingInitializeOnLoad (3ms)
				EditorAssembliesLoaded (0ms)
			ExecutionOrderSort2 (0ms)
			AwakeInstancesAfterBackupRestoration (7ms)
Platform modules already initialized, skipping
OnLevelWasLoaded was found on AudioManager
This message has been deprecated and will be removed in a later version of Unity.
Add a delegate to SceneManager.sceneLoaded instead to get notifications after scene loading has completed
Refreshing native plugins compatible for Editor in 0.93 ms, found 6 plugins.
Preloading 0 native plugins for Editor in 0.00 ms.
Unloading 2110 Unused Serialized files (Serialized files now loaded: 0)
System memory in use before: 127.1 MB.
System memory in use after: 127.1 MB.

Unloading 56 unused Assets to reduce memory usage. Loaded Objects now: 2615.
Total: 4.138700 ms (FindLiveObjects: 0.187600 ms CreateObjectMapping: 0.097300 ms MarkObjects: 3.711600 ms  DeleteObjects: 0.140600 ms)

AssetImportParameters requested are different than current active one (requested -> active):
  custom:framework-win-MediaFoundation: 216162199b28c13a410421893ffa2e32 -> 
  custom:video-decoder-ogg-theora: a1e56fd34408186e4bbccfd4996cb3dc -> 
  custom:container-muxer-webm: aa71ff27fc2769a1b78a27578f13a17b -> 
  custom:container-demuxer-webm: 4f35f7cbe854078d1ac9338744f61a02 -> 
  custom:container-demuxer-ogg: 62fdf1f143b41e24485cea50d1cbac27 -> 
  custom:video-encoder-webm-vp8: eb34c28f22e8b96e1ab97ce403110664 -> 
  custom:video-decoder-webm-vp8: 9c59270c3fd7afecdb556c50c9e8de78 -> 
  custom:audio-decoder-ogg-vorbis: bf7c407c2cedff20999df2af8eb42d56 -> 
  custom:audio-encoder-webm-vorbis: bf7c407c2cedff20999df2af8eb42d56 -> 
========================================================================
Received Prepare
Registering precompiled user dll's ...
Registered in 0.017898 seconds.
Begin MonoManager ReloadAssembly
Native extension for WindowsStandalone target not found
Refreshing native plugins compatible for Editor in 0.94 ms, found 6 plugins.
Preloading 0 native plugins for Editor in 0.00 ms.
Mono: successfully reloaded assembly
- Completed reload, in  1.642 seconds
Domain Reload Profiling:
	ReloadAssembly (1642ms)
		BeginReloadAssembly (150ms)
			ExecutionOrderSort (0ms)
			DisableScriptedObjects (7ms)
			BackupInstance (0ms)
			ReleaseScriptingObjects (0ms)
			CreateAndSetChildDomain (45ms)
		EndReloadAssembly (1408ms)
			LoadAssemblies (134ms)
			RebuildTransferFunctionScriptingTraits (0ms)
			SetupTypeCache (443ms)
			ReleaseScriptCaches (1ms)
			RebuildScriptCaches (64ms)
			SetupLoadedEditorAssemblies (625ms)
				LogAssemblyErrors (0ms)
				InitializePlatformSupportModulesInManaged (6ms)
				SetLoadedEditorAssemblies (2ms)
				RefreshPlugins (1ms)
				BeforeProcessingInitializeOnLoad (74ms)
				ProcessInitializeOnLoadAttributes (527ms)
				ProcessInitializeOnLoadMethodAttributes (11ms)
				AfterProcessingInitializeOnLoad (4ms)
				EditorAssembliesLoaded (0ms)
			ExecutionOrderSort2 (0ms)
			AwakeInstancesAfterBackupRestoration (8ms)
Platform modules already initialized, skipping
OnLevelWasLoaded was found on AudioManager
This message has been deprecated and will be removed in a later version of Unity.
Add a delegate to SceneManager.sceneLoaded instead to get notifications after scene loading has completed
Refreshing native plugins compatible for Editor in 0.93 ms, found 6 plugins.
Preloading 0 native plugins for Editor in 0.00 ms.
Unloading 2110 Unused Serialized files (Serialized files now loaded: 0)
System memory in use before: 127.1 MB.
System memory in use after: 127.1 MB.

Unloading 55 unused Assets to reduce memory usage. Loaded Objects now: 2617.
Total: 4.052800 ms (FindLiveObjects: 0.191000 ms CreateObjectMapping: 0.097700 ms MarkObjects: 3.619800 ms  DeleteObjects: 0.142600 ms)

AssetImportParameters requested are different than current active one (requested -> active):
  custom:framework-win-MediaFoundation: 216162199b28c13a410421893ffa2e32 -> 
  custom:video-decoder-ogg-theora: a1e56fd34408186e4bbccfd4996cb3dc -> 
  custom:container-muxer-webm: aa71ff27fc2769a1b78a27578f13a17b -> 
  custom:container-demuxer-webm: 4f35f7cbe854078d1ac9338744f61a02 -> 
  custom:container-demuxer-ogg: 62fdf1f143b41e24485cea50d1cbac27 -> 
  custom:video-encoder-webm-vp8: eb34c28f22e8b96e1ab97ce403110664 -> 
  custom:video-decoder-webm-vp8: 9c59270c3fd7afecdb556c50c9e8de78 -> 
  custom:audio-decoder-ogg-vorbis: bf7c407c2cedff20999df2af8eb42d56 -> 
  custom:audio-encoder-webm-vorbis: bf7c407c2cedff20999df2af8eb42d56 -> 
========================================================================
Received Prepare
Registering precompiled user dll's ...
Registered in 0.019549 seconds.
Begin MonoManager ReloadAssembly
Native extension for WindowsStandalone target not found
Refreshing native plugins compatible for Editor in 0.92 ms, found 6 plugins.
Preloading 0 native plugins for Editor in 0.00 ms.
Mono: successfully reloaded assembly
- Completed reload, in  1.616 seconds
Domain Reload Profiling:
	ReloadAssembly (1617ms)
		BeginReloadAssembly (142ms)
			ExecutionOrderSort (0ms)
			DisableScriptedObjects (7ms)
			BackupInstance (0ms)
			ReleaseScriptingObjects (0ms)
			CreateAndSetChildDomain (43ms)
		EndReloadAssembly (1395ms)
			LoadAssemblies (129ms)
			RebuildTransferFunctionScriptingTraits (0ms)
			SetupTypeCache (460ms)
			ReleaseScriptCaches (1ms)
			RebuildScriptCaches (62ms)
			SetupLoadedEditorAssemblies (609ms)
				LogAssemblyErrors (0ms)
				InitializePlatformSupportModulesInManaged (7ms)
				SetLoadedEditorAssemblies (1ms)
				RefreshPlugins (1ms)
				BeforeProcessingInitializeOnLoad (69ms)
				ProcessInitializeOnLoadAttributes (516ms)
				ProcessInitializeOnLoadMethodAttributes (11ms)
				AfterProcessingInitializeOnLoad (3ms)
				EditorAssembliesLoaded (0ms)
			ExecutionOrderSort2 (0ms)
			AwakeInstancesAfterBackupRestoration (7ms)
Platform modules already initialized, skipping
OnLevelWasLoaded was found on AudioManager
This message has been deprecated and will be removed in a later version of Unity.
Add a delegate to SceneManager.sceneLoaded instead to get notifications after scene loading has completed
Refreshing native plugins compatible for Editor in 0.92 ms, found 6 plugins.
Preloading 0 native plugins for Editor in 0.00 ms.
Unloading 2110 Unused Serialized files (Serialized files now loaded: 0)
System memory in use before: 127.1 MB.
System memory in use after: 127.2 MB.

Unloading 55 unused Assets to reduce memory usage. Loaded Objects now: 2619.
Total: 4.081600 ms (FindLiveObjects: 0.240500 ms CreateObjectMapping: 0.104900 ms MarkObjects: 3.590700 ms  DeleteObjects: 0.143500 ms)

AssetImportParameters requested are different than current active one (requested -> active):
  custom:framework-win-MediaFoundation: 216162199b28c13a410421893ffa2e32 -> 
  custom:video-decoder-ogg-theora: a1e56fd34408186e4bbccfd4996cb3dc -> 
  custom:container-muxer-webm: aa71ff27fc2769a1b78a27578f13a17b -> 
  custom:container-demuxer-webm: 4f35f7cbe854078d1ac9338744f61a02 -> 
  custom:container-demuxer-ogg: 62fdf1f143b41e24485cea50d1cbac27 -> 
  custom:video-encoder-webm-vp8: eb34c28f22e8b96e1ab97ce403110664 -> 
  custom:video-decoder-webm-vp8: 9c59270c3fd7afecdb556c50c9e8de78 -> 
  custom:audio-decoder-ogg-vorbis: bf7c407c2cedff20999df2af8eb42d56 -> 
  custom:audio-encoder-webm-vorbis: bf7c407c2cedff20999df2af8eb42d56 -> 
========================================================================
Received Prepare
Registering precompiled user dll's ...
Registered in 0.018324 seconds.
Begin MonoManager ReloadAssembly
Native extension for WindowsStandalone target not found
Refreshing native plugins compatible for Editor in 0.90 ms, found 6 plugins.
Preloading 0 native plugins for Editor in 0.00 ms.
Mono: successfully reloaded assembly
- Completed reload, in  1.561 seconds
Domain Reload Profiling:
	ReloadAssembly (1561ms)
		BeginReloadAssembly (140ms)
			ExecutionOrderSort (0ms)
			DisableScriptedObjects (6ms)
			BackupInstance (0ms)
			ReleaseScriptingObjects (0ms)
			CreateAndSetChildDomain (41ms)
		EndReloadAssembly (1345ms)
			LoadAssemblies (127ms)
			RebuildTransferFunctionScriptingTraits (0ms)
			SetupTypeCache (415ms)
			ReleaseScriptCaches (1ms)
			RebuildScriptCaches (61ms)
			SetupLoadedEditorAssemblies (601ms)
				LogAssemblyErrors (0ms)
				InitializePlatformSupportModulesInManaged (6ms)
				SetLoadedEditorAssemblies (2ms)
				RefreshPlugins (1ms)
				BeforeProcessingInitializeOnLoad (70ms)
				ProcessInitializeOnLoadAttributes (507ms)
				ProcessInitializeOnLoadMethodAttributes (11ms)
				AfterProcessingInitializeOnLoad (3ms)
				EditorAssembliesLoaded (0ms)
			ExecutionOrderSort2 (0ms)
			AwakeInstancesAfterBackupRestoration (7ms)
Platform modules already initialized, skipping
OnLevelWasLoaded was found on AudioManager
This message has been deprecated and will be removed in a later version of Unity.
Add a delegate to SceneManager.sceneLoaded instead to get notifications after scene loading has completed
Refreshing native plugins compatible for Editor in 0.99 ms, found 6 plugins.
Preloading 0 native plugins for Editor in 0.00 ms.
Unloading 2110 Unused Serialized files (Serialized files now loaded: 0)
System memory in use before: 127.1 MB.
System memory in use after: 127.2 MB.

Unloading 55 unused Assets to reduce memory usage. Loaded Objects now: 2621.
Total: 4.460600 ms (FindLiveObjects: 0.241400 ms CreateObjectMapping: 0.169700 ms MarkObjects: 3.906100 ms  DeleteObjects: 0.142100 ms)

AssetImportParameters requested are different than current active one (requested -> active):
  custom:framework-win-MediaFoundation: 216162199b28c13a410421893ffa2e32 -> 
  custom:video-decoder-ogg-theora: a1e56fd34408186e4bbccfd4996cb3dc -> 
  custom:container-muxer-webm: aa71ff27fc2769a1b78a27578f13a17b -> 
  custom:container-demuxer-webm: 4f35f7cbe854078d1ac9338744f61a02 -> 
  custom:container-demuxer-ogg: 62fdf1f143b41e24485cea50d1cbac27 -> 
  custom:video-encoder-webm-vp8: eb34c28f22e8b96e1ab97ce403110664 -> 
  custom:video-decoder-webm-vp8: 9c59270c3fd7afecdb556c50c9e8de78 -> 
  custom:audio-decoder-ogg-vorbis: bf7c407c2cedff20999df2af8eb42d56 -> 
  custom:audio-encoder-webm-vorbis: bf7c407c2cedff20999df2af8eb42d56 -> 
========================================================================
Received Prepare
Registering precompiled user dll's ...
Registered in 0.019131 seconds.
Begin MonoManager ReloadAssembly
Native extension for WindowsStandalone target not found
Refreshing native plugins compatible for Editor in 0.90 ms, found 6 plugins.
Preloading 0 native plugins for Editor in 0.00 ms.
Mono: successfully reloaded assembly
- Completed reload, in  1.578 seconds
Domain Reload Profiling:
	ReloadAssembly (1579ms)
		BeginReloadAssembly (143ms)
			ExecutionOrderSort (0ms)
			DisableScriptedObjects (6ms)
			BackupInstance (0ms)
			ReleaseScriptingObjects (0ms)
			CreateAndSetChildDomain (43ms)
		EndReloadAssembly (1360ms)
			LoadAssemblies (128ms)
			RebuildTransferFunctionScriptingTraits (0ms)
			SetupTypeCache (409ms)
			ReleaseScriptCaches (1ms)
			RebuildScriptCaches (63ms)
			SetupLoadedEditorAssemblies (626ms)
				LogAssemblyErrors (0ms)
				InitializePlatformSupportModulesInManaged (6ms)
				SetLoadedEditorAssemblies (2ms)
				RefreshPlugins (1ms)
				BeforeProcessingInitializeOnLoad (69ms)
				ProcessInitializeOnLoadAttributes (533ms)
				ProcessInitializeOnLoadMethodAttributes (12ms)
				AfterProcessingInitializeOnLoad (4ms)
				EditorAssembliesLoaded (0ms)
			ExecutionOrderSort2 (0ms)
			AwakeInstancesAfterBackupRestoration (8ms)
Platform modules already initialized, skipping
OnLevelWasLoaded was found on AudioManager
This message has been deprecated and will be removed in a later version of Unity.
Add a delegate to SceneManager.sceneLoaded instead to get notifications after scene loading has completed
Refreshing native plugins compatible for Editor in 0.91 ms, found 6 plugins.
Preloading 0 native plugins for Editor in 0.00 ms.
Unloading 2110 Unused Serialized files (Serialized files now loaded: 0)
System memory in use before: 127.1 MB.
System memory in use after: 127.2 MB.

Unloading 55 unused Assets to reduce memory usage. Loaded Objects now: 2623.
Total: 4.229100 ms (FindLiveObjects: 0.208400 ms CreateObjectMapping: 0.101000 ms MarkObjects: 3.769800 ms  DeleteObjects: 0.148500 ms)

AssetImportParameters requested are different than current active one (requested -> active):
  custom:framework-win-MediaFoundation: 216162199b28c13a410421893ffa2e32 -> 
  custom:video-decoder-ogg-theora: a1e56fd34408186e4bbccfd4996cb3dc -> 
  custom:container-muxer-webm: aa71ff27fc2769a1b78a27578f13a17b -> 
  custom:container-demuxer-webm: 4f35f7cbe854078d1ac9338744f61a02 -> 
  custom:container-demuxer-ogg: 62fdf1f143b41e24485cea50d1cbac27 -> 
  custom:video-encoder-webm-vp8: eb34c28f22e8b96e1ab97ce403110664 -> 
  custom:video-decoder-webm-vp8: 9c59270c3fd7afecdb556c50c9e8de78 -> 
  custom:audio-decoder-ogg-vorbis: bf7c407c2cedff20999df2af8eb42d56 -> 
  custom:audio-encoder-webm-vorbis: bf7c407c2cedff20999df2af8eb42d56 -> 
========================================================================
Received Prepare
Registering precompiled user dll's ...
Registered in 0.019309 seconds.
Begin MonoManager ReloadAssembly
Native extension for WindowsStandalone target not found
Refreshing native plugins compatible for Editor in 0.91 ms, found 6 plugins.
Preloading 0 native plugins for Editor in 0.00 ms.
Mono: successfully reloaded assembly
- Completed reload, in  1.548 seconds
Domain Reload Profiling:
	ReloadAssembly (1549ms)
		BeginReloadAssembly (143ms)
			ExecutionOrderSort (0ms)
			DisableScriptedObjects (7ms)
			BackupInstance (0ms)
			ReleaseScriptingObjects (0ms)
			CreateAndSetChildDomain (45ms)
		EndReloadAssembly (1329ms)
			LoadAssemblies (124ms)
			RebuildTransferFunctionScriptingTraits (0ms)
			SetupTypeCache (413ms)
			ReleaseScriptCaches (1ms)
			RebuildScriptCaches (66ms)
			SetupLoadedEditorAssemblies (594ms)
				LogAssemblyErrors (0ms)
				InitializePlatformSupportModulesInManaged (6ms)
				SetLoadedEditorAssemblies (2ms)
				RefreshPlugins (1ms)
				BeforeProcessingInitializeOnLoad (69ms)
				ProcessInitializeOnLoadAttributes (500ms)
				ProcessInitializeOnLoadMethodAttributes (11ms)
				AfterProcessingInitializeOnLoad (4ms)
				EditorAssembliesLoaded (0ms)
			ExecutionOrderSort2 (0ms)
			AwakeInstancesAfterBackupRestoration (8ms)
Platform modules already initialized, skipping
OnLevelWasLoaded was found on AudioManager
This message has been deprecated and will be removed in a later version of Unity.
Add a delegate to SceneManager.sceneLoaded instead to get notifications after scene loading has completed
Refreshing native plugins compatible for Editor in 0.93 ms, found 6 plugins.
Preloading 0 native plugins for Editor in 0.00 ms.
Unloading 2110 Unused Serialized files (Serialized files now loaded: 0)
System memory in use before: 127.1 MB.
System memory in use after: 127.2 MB.

Unloading 55 unused Assets to reduce memory usage. Loaded Objects now: 2625.
Total: 4.157900 ms (FindLiveObjects: 0.183500 ms CreateObjectMapping: 0.094100 ms MarkObjects: 3.741600 ms  DeleteObjects: 0.137000 ms)

AssetImportParameters requested are different than current active one (requested -> active):
  custom:framework-win-MediaFoundation: 216162199b28c13a410421893ffa2e32 -> 
  custom:video-decoder-ogg-theora: a1e56fd34408186e4bbccfd4996cb3dc -> 
  custom:container-muxer-webm: aa71ff27fc2769a1b78a27578f13a17b -> 
  custom:container-demuxer-webm: 4f35f7cbe854078d1ac9338744f61a02 -> 
  custom:container-demuxer-ogg: 62fdf1f143b41e24485cea50d1cbac27 -> 
  custom:video-encoder-webm-vp8: eb34c28f22e8b96e1ab97ce403110664 -> 
  custom:video-decoder-webm-vp8: 9c59270c3fd7afecdb556c50c9e8de78 -> 
  custom:audio-decoder-ogg-vorbis: bf7c407c2cedff20999df2af8eb42d56 -> 
  custom:audio-encoder-webm-vorbis: bf7c407c2cedff20999df2af8eb42d56 -> 
========================================================================
Received Prepare
Registering precompiled user dll's ...
Registered in 0.023312 seconds.
Begin MonoManager ReloadAssembly
Native extension for WindowsStandalone target not found
Refreshing native plugins compatible for Editor in 0.92 ms, found 6 plugins.
Preloading 0 native plugins for Editor in 0.00 ms.
Mono: successfully reloaded assembly
- Completed reload, in  2.004 seconds
Domain Reload Profiling:
	ReloadAssembly (2004ms)
		BeginReloadAssembly (168ms)
			ExecutionOrderSort (0ms)
			DisableScriptedObjects (7ms)
			BackupInstance (0ms)
			ReleaseScriptingObjects (0ms)
			CreateAndSetChildDomain (49ms)
		EndReloadAssembly (1609ms)
			LoadAssemblies (240ms)
			RebuildTransferFunctionScriptingTraits (0ms)
			SetupTypeCache (547ms)
			ReleaseScriptCaches (1ms)
			RebuildScriptCaches (68ms)
			SetupLoadedEditorAssemblies (617ms)
				LogAssemblyErrors (0ms)
				InitializePlatformSupportModulesInManaged (6ms)
				SetLoadedEditorAssemblies (2ms)
				RefreshPlugins (1ms)
				BeforeProcessingInitializeOnLoad (73ms)
				ProcessInitializeOnLoadAttributes (519ms)
				ProcessInitializeOnLoadMethodAttributes (11ms)
				AfterProcessingInitializeOnLoad (4ms)
				EditorAssembliesLoaded (0ms)
			ExecutionOrderSort2 (0ms)
			AwakeInstancesAfterBackupRestoration (8ms)
Platform modules already initialized, skipping
OnLevelWasLoaded was found on AudioManager
This message has been deprecated and will be removed in a later version of Unity.
Add a delegate to SceneManager.sceneLoaded instead to get notifications after scene loading has completed
Refreshing native plugins compatible for Editor in 0.93 ms, found 6 plugins.
Preloading 0 native plugins for Editor in 0.00 ms.
Unloading 2110 Unused Serialized files (Serialized files now loaded: 0)
System memory in use before: 127.1 MB.
System memory in use after: 127.2 MB.

Unloading 55 unused Assets to reduce memory usage. Loaded Objects now: 2627.
Total: 4.227700 ms (FindLiveObjects: 0.196600 ms CreateObjectMapping: 0.098900 ms MarkObjects: 3.782500 ms  DeleteObjects: 0.147900 ms)

AssetImportParameters requested are different than current active one (requested -> active):
  custom:framework-win-MediaFoundation: 216162199b28c13a410421893ffa2e32 -> 
  custom:video-decoder-ogg-theora: a1e56fd34408186e4bbccfd4996cb3dc -> 
  custom:container-muxer-webm: aa71ff27fc2769a1b78a27578f13a17b -> 
  custom:container-demuxer-webm: 4f35f7cbe854078d1ac9338744f61a02 -> 
  custom:container-demuxer-ogg: 62fdf1f143b41e24485cea50d1cbac27 -> 
  custom:video-encoder-webm-vp8: eb34c28f22e8b96e1ab97ce403110664 -> 
  custom:video-decoder-webm-vp8: 9c59270c3fd7afecdb556c50c9e8de78 -> 
  custom:audio-decoder-ogg-vorbis: bf7c407c2cedff20999df2af8eb42d56 -> 
  custom:audio-encoder-webm-vorbis: bf7c407c2cedff20999df2af8eb42d56 -> 
AssetImportWorkerClient::OnTransportError - code=2 error=End of file
